{"contracts/Dividends.sol":{"l":{"40":42,"41":42,"42":42,"46":6,"47":5,"51":3,"52":3,"59":2,"60":2,"61":2,"68":1,"69":1,"70":1,"71":1,"78":3,"86":6,"93":2,"95":2,"97":2,"99":2,"101":2,"112":13,"114":13,"116":13,"118":13,"120":13,"122":13,"132":8,"143":21,"144":21,"145":21,"146":21,"157":21,"168":21,"178":21,"180":21,"182":18,"184":18,"186":18},"path":"/mnt/d/Projects/republic/projects/comakery-security-token/contracts/Dividends.sol","s":{"1":42,"2":42,"3":42,"4":6,"5":3,"6":2,"7":2,"8":2,"9":1,"10":1,"11":1,"12":1,"13":3,"14":6,"15":2,"16":2,"17":2,"18":2,"19":2,"20":13,"21":13,"22":13,"23":13,"24":13,"25":13,"26":8,"27":21,"28":21,"29":21,"30":21,"31":21,"32":21,"33":21,"34":21,"35":18,"36":18,"37":18},"b":{"1":[5,1],"2":[3,0],"3":[1,0],"4":[2,0],"5":[2,0],"6":[13,0],"7":[13,0],"8":[18,3]},"f":{"1":42,"2":6,"3":3,"4":2,"5":1,"6":3,"7":6,"8":2,"9":13,"10":8,"11":21,"12":21,"13":21,"14":21},"fnMap":{"1":{"name":"constructor","line":39,"loc":{"start":{"line":39,"column":2},"end":{"line":43,"column":2}}},"2":{"name":"onlyContractAdmin","line":45,"loc":{"start":{"line":45,"column":2},"end":{"line":48,"column":2}}},"3":{"name":"validAddress","line":50,"loc":{"start":{"line":50,"column":2},"end":{"line":53,"column":2}}},"4":{"name":"grantContractAdmin","line":58,"loc":{"start":{"line":58,"column":2},"end":{"line":62,"column":2}}},"5":{"name":"revokeContractAdmin","line":67,"loc":{"start":{"line":67,"column":2},"end":{"line":72,"column":2}}},"6":{"name":"checkContractAdmin","line":77,"loc":{"start":{"line":77,"column":2},"end":{"line":79,"column":2}}},"7":{"name":"tokensAt","line":85,"loc":{"start":{"line":85,"column":2},"end":{"line":87,"column":2}}},"8":{"name":"withdrawalRemains","line":92,"loc":{"start":{"line":92,"column":2},"end":{"line":102,"column":2}}},"9":{"name":"fundDividend","line":111,"loc":{"start":{"line":111,"column":2},"end":{"line":123,"column":2}}},"10":{"name":"fundsAt","line":131,"loc":{"start":{"line":131,"column":2},"end":{"line":133,"column":2}}},"11":{"name":"totalAwardedBalanceAt","line":142,"loc":{"start":{"line":142,"column":2},"end":{"line":147,"column":2}}},"12":{"name":"claimedBalanceAt","line":156,"loc":{"start":{"line":156,"column":2},"end":{"line":158,"column":2}}},"13":{"name":"unclaimedBalanceAt","line":167,"loc":{"start":{"line":167,"column":2},"end":{"line":169,"column":2}}},"14":{"name":"claimDividend","line":177,"loc":{"start":{"line":177,"column":2},"end":{"line":187,"column":2}}}},"statementMap":{"1":{"start":{"line":40,"column":4},"end":{"line":40,"column":46}},"2":{"start":{"line":41,"column":4},"end":{"line":41,"column":25}},"3":{"start":{"line":42,"column":4},"end":{"line":42,"column":52}},"4":{"start":{"line":46,"column":4},"end":{"line":46,"column":89}},"5":{"start":{"line":51,"column":4},"end":{"line":51,"column":55}},"6":{"start":{"line":59,"column":4},"end":{"line":59,"column":39}},"7":{"start":{"line":60,"column":4},"end":{"line":60,"column":26}},"8":{"start":{"line":61,"column":4},"end":{"line":61,"column":60}},"9":{"start":{"line":68,"column":4},"end":{"line":68,"column":75}},"10":{"start":{"line":69,"column":4},"end":{"line":69,"column":40}},"11":{"start":{"line":70,"column":4},"end":{"line":70,"column":26}},"12":{"start":{"line":71,"column":4},"end":{"line":71,"column":61}},"13":{"start":{"line":78,"column":4},"end":{"line":78,"column":45}},"14":{"start":{"line":86,"column":4},"end":{"line":86,"column":49}},"15":{"start":{"line":93,"column":4},"end":{"line":93,"column":52}},"16":{"start":{"line":95,"column":4},"end":{"line":95,"column":48}},"17":{"start":{"line":97,"column":4},"end":{"line":97,"column":55}},"18":{"start":{"line":99,"column":4},"end":{"line":99,"column":49}},"19":{"start":{"line":101,"column":4},"end":{"line":101,"column":57}},"20":{"start":{"line":112,"column":4},"end":{"line":112,"column":52}},"21":{"start":{"line":114,"column":4},"end":{"line":114,"column":39}},"22":{"start":{"line":116,"column":4},"end":{"line":116,"column":87}},"23":{"start":{"line":118,"column":4},"end":{"line":118,"column":67}},"24":{"start":{"line":120,"column":4},"end":{"line":120,"column":44}},"25":{"start":{"line":122,"column":4},"end":{"line":122,"column":54}},"26":{"start":{"line":132,"column":4},"end":{"line":132,"column":42}},"27":{"start":{"line":143,"column":4},"end":{"line":143,"column":79}},"28":{"start":{"line":144,"column":4},"end":{"line":144,"column":67}},"29":{"start":{"line":145,"column":4},"end":{"line":145,"column":75}},"30":{"start":{"line":146,"column":4},"end":{"line":146,"column":76}},"31":{"start":{"line":157,"column":4},"end":{"line":157,"column":53}},"32":{"start":{"line":168,"column":4},"end":{"line":168,"column":109}},"33":{"start":{"line":178,"column":4},"end":{"line":178,"column":80}},"34":{"start":{"line":180,"column":4},"end":{"line":180,"column":65}},"35":{"start":{"line":182,"column":4},"end":{"line":182,"column":59}},"36":{"start":{"line":184,"column":4},"end":{"line":184,"column":67}},"37":{"start":{"line":186,"column":4},"end":{"line":186,"column":65}}},"branchMap":{"1":{"line":46,"type":"if","locations":[{"start":{"line":46,"column":4},"end":{"line":46,"column":4}},{"start":{"line":46,"column":4},"end":{"line":46,"column":4}}]},"2":{"line":51,"type":"if","locations":[{"start":{"line":51,"column":4},"end":{"line":51,"column":4}},{"start":{"line":51,"column":4},"end":{"line":51,"column":4}}]},"3":{"line":68,"type":"if","locations":[{"start":{"line":68,"column":4},"end":{"line":68,"column":4}},{"start":{"line":68,"column":4},"end":{"line":68,"column":4}}]},"4":{"line":93,"type":"if","locations":[{"start":{"line":93,"column":4},"end":{"line":93,"column":4}},{"start":{"line":93,"column":4},"end":{"line":93,"column":4}}]},"5":{"line":97,"type":"if","locations":[{"start":{"line":97,"column":4},"end":{"line":97,"column":4}},{"start":{"line":97,"column":4},"end":{"line":97,"column":4}}]},"6":{"line":112,"type":"if","locations":[{"start":{"line":112,"column":4},"end":{"line":112,"column":4}},{"start":{"line":112,"column":4},"end":{"line":112,"column":4}}]},"7":{"line":116,"type":"if","locations":[{"start":{"line":116,"column":4},"end":{"line":116,"column":4}},{"start":{"line":116,"column":4},"end":{"line":116,"column":4}}]},"8":{"line":180,"type":"if","locations":[{"start":{"line":180,"column":4},"end":{"line":180,"column":4}},{"start":{"line":180,"column":4},"end":{"line":180,"column":4}}]}}},"contracts/interfaces/IERC1404.sol":{"l":{},"path":"/mnt/d/Projects/republic/projects/comakery-security-token/contracts/interfaces/IERC1404.sol","s":{},"b":{},"f":{},"fnMap":{},"statementMap":{},"branchMap":{}},"contracts/interfaces/IRestrictedSwap.sol":{"l":{},"path":"/mnt/d/Projects/republic/projects/comakery-security-token/contracts/interfaces/IRestrictedSwap.sol","s":{},"b":{},"f":{},"fnMap":{},"statementMap":{},"branchMap":{}},"contracts/interfaces/ITransferRules.sol":{"l":{},"path":"/mnt/d/Projects/republic/projects/comakery-security-token/contracts/interfaces/ITransferRules.sol","s":{},"b":{},"f":{},"fnMap":{},"statementMap":{},"branchMap":{}},"contracts/Migrations.sol":{"l":{"10":0,"14":0,"18":0,"22":0,"23":0},"path":"/mnt/d/Projects/republic/projects/comakery-security-token/contracts/Migrations.sol","s":{"1":0,"2":0,"3":0,"4":0,"5":0},"b":{"1":[0,0]},"f":{"1":0,"2":0,"3":0,"4":0},"fnMap":{"1":{"name":"constructor","line":9,"loc":{"start":{"line":9,"column":4},"end":{"line":11,"column":4}}},"2":{"name":"restricted","line":13,"loc":{"start":{"line":13,"column":4},"end":{"line":15,"column":4}}},"3":{"name":"setCompleted","line":17,"loc":{"start":{"line":17,"column":4},"end":{"line":19,"column":4}}},"4":{"name":"upgrade","line":21,"loc":{"start":{"line":21,"column":4},"end":{"line":24,"column":4}}}},"statementMap":{"1":{"start":{"line":10,"column":8},"end":{"line":10,"column":25}},"2":{"start":{"line":14,"column":8},"end":{"line":14,"column":34}},"3":{"start":{"line":18,"column":8},"end":{"line":18,"column":43}},"4":{"start":{"line":22,"column":8},"end":{"line":22,"column":52}},"5":{"start":{"line":23,"column":8},"end":{"line":23,"column":54}}},"branchMap":{"1":{"line":14,"type":"if","locations":[{"start":{"line":14,"column":8},"end":{"line":14,"column":8}},{"start":{"line":14,"column":8},"end":{"line":14,"column":8}}]}}},"contracts/mocks/Erc1404Mock.sol":{"l":{"31":0},"path":"/mnt/d/Projects/republic/projects/comakery-security-token/contracts/mocks/Erc1404Mock.sol","s":{"1":0},"b":{},"f":{"1":3,"2":0},"fnMap":{"1":{"name":"constructor","line":27,"loc":{"start":{"line":8,"column":2},"end":{"line":28,"column":3}}},"2":{"name":"mintToken","line":30,"loc":{"start":{"line":30,"column":2},"end":{"line":32,"column":2}}}},"statementMap":{"1":{"start":{"line":31,"column":4},"end":{"line":31,"column":28}}},"branchMap":{}},"contracts/mocks/Erc20Mock.sol":{"l":{"13":0},"path":"/mnt/d/Projects/republic/projects/comakery-security-token/contracts/mocks/Erc20Mock.sol","s":{"1":0},"b":{},"f":{"1":0,"2":0},"fnMap":{"1":{"name":"constructor","line":9,"loc":{"start":{"line":8,"column":2},"end":{"line":10,"column":3}}},"2":{"name":"mint","line":12,"loc":{"start":{"line":12,"column":2},"end":{"line":14,"column":2}}}},"statementMap":{"1":{"start":{"line":13,"column":4},"end":{"line":13,"column":28}}},"branchMap":{}},"contracts/mocks/Erc20TxFeeMock.sol":{"l":{"13":0,"21":0,"22":0},"path":"/mnt/d/Projects/republic/projects/comakery-security-token/contracts/mocks/Erc20TxFeeMock.sol","s":{"1":0,"2":0,"3":0},"b":{},"f":{"1":0,"2":0,"3":0},"fnMap":{"1":{"name":"constructor","line":9,"loc":{"start":{"line":8,"column":2},"end":{"line":10,"column":3}}},"2":{"name":"mint","line":12,"loc":{"start":{"line":12,"column":2},"end":{"line":14,"column":2}}},"3":{"name":"_transfer","line":16,"loc":{"start":{"line":16,"column":2},"end":{"line":23,"column":2}}}},"statementMap":{"1":{"start":{"line":13,"column":4},"end":{"line":13,"column":28}},"2":{"start":{"line":21,"column":4},"end":{"line":21,"column":45}},"3":{"start":{"line":22,"column":4},"end":{"line":22,"column":32}}},"branchMap":{}},"contracts/mocks/TransferRulesUpgrade.sol":{"l":{"15":1,"16":1,"17":1,"19":0,"28":1,"29":1,"31":0,"40":0},"path":"/mnt/d/Projects/republic/projects/comakery-security-token/contracts/mocks/TransferRulesUpgrade.sol","s":{"1":1,"2":1,"3":1,"4":0,"5":1,"6":1,"7":0,"8":0},"b":{"1":[1,0],"2":[1,0]},"f":{"1":1,"2":1,"3":0},"fnMap":{"1":{"name":"detectTransferRestriction","line":9,"loc":{"start":{"line":9,"column":2},"end":{"line":20,"column":2}}},"2":{"name":"messageForTransferRestriction","line":22,"loc":{"start":{"line":22,"column":2},"end":{"line":32,"column":2}}},"3":{"name":"checkSuccess","line":34,"loc":{"start":{"line":34,"column":2},"end":{"line":41,"column":2}}}},"statementMap":{"1":{"start":{"line":15,"column":4},"end":{"line":15,"column":51}},"2":{"start":{"line":16,"column":4},"end":{"line":16,"column":399}},"3":{"start":{"line":17,"column":6},"end":{"line":17,"column":29}},"4":{"start":{"line":19,"column":4},"end":{"line":19,"column":13}},"5":{"start":{"line":28,"column":4},"end":{"line":28,"column":720}},"6":{"start":{"line":29,"column":6},"end":{"line":29,"column":28}},"7":{"start":{"line":31,"column":4},"end":{"line":31,"column":28}},"8":{"start":{"line":40,"column":4},"end":{"line":40,"column":31}}},"branchMap":{"1":{"line":16,"type":"if","locations":[{"start":{"line":16,"column":4},"end":{"line":16,"column":4}},{"start":{"line":16,"column":4},"end":{"line":16,"column":4}}]},"2":{"line":28,"type":"if","locations":[{"start":{"line":28,"column":4},"end":{"line":28,"column":4}},{"start":{"line":28,"column":4},"end":{"line":28,"column":4}}]}}},"contracts/mocks/UserProxy.sol":{"l":{"11":12,"15":0,"19":0},"path":"/mnt/d/Projects/republic/projects/comakery-security-token/contracts/mocks/UserProxy.sol","s":{"1":12,"2":0,"3":0},"b":{},"f":{"1":12,"2":0,"3":0},"fnMap":{"1":{"name":"constructor","line":10,"loc":{"start":{"line":10,"column":2},"end":{"line":12,"column":2}}},"2":{"name":"transfer","line":14,"loc":{"start":{"line":14,"column":2},"end":{"line":16,"column":2}}},"3":{"name":"setMaxBalance","line":18,"loc":{"start":{"line":18,"column":2},"end":{"line":20,"column":2}}}},"statementMap":{"1":{"start":{"line":11,"column":6},"end":{"line":11,"column":19}},"2":{"start":{"line":15,"column":6},"end":{"line":15,"column":39}},"3":{"start":{"line":19,"column":6},"end":{"line":19,"column":49}}},"branchMap":{}},"contracts/RestrictedSwap.sol":{"l":{"22":18,"23":18,"24":17,"25":14,"64":20,"65":20,"66":20,"68":20,"72":20,"73":20,"75":19,"80":19,"82":19,"83":1,"84":1,"85":1,"88":18,"90":18,"91":18,"92":18,"93":18,"94":18,"95":18,"96":18,"98":18,"121":15,"122":15,"124":15,"134":13,"150":5,"152":5,"162":5,"174":6,"176":6,"178":5,"179":5,"180":5,"182":5,"184":4,"186":4,"188":4,"207":3,"209":3,"211":2,"212":2,"213":2,"215":2,"217":2,"219":2,"221":2,"240":5,"242":5,"243":4,"245":4,"246":4,"247":3,"249":0,"250":0,"253":3,"255":3,"271":4,"272":4},"path":"/mnt/d/Projects/republic/projects/comakery-security-token/contracts/RestrictedSwap.sol","s":{"1":18,"2":18,"3":17,"4":20,"5":20,"6":20,"7":20,"8":20,"9":20,"10":19,"11":19,"12":19,"13":1,"14":1,"15":1,"16":18,"17":18,"18":18,"19":18,"20":18,"21":18,"22":18,"23":18,"24":18,"25":15,"26":15,"27":15,"28":13,"29":5,"30":5,"31":5,"32":6,"33":6,"34":5,"35":5,"36":5,"37":5,"38":4,"39":4,"40":4,"41":3,"42":3,"43":2,"44":2,"45":2,"46":2,"47":2,"48":2,"49":2,"50":5,"51":5,"52":4,"53":4,"54":4,"55":3,"56":0,"57":0,"58":0,"59":3,"60":3,"61":4,"62":4},"b":{"1":[17,1],"2":[14,3],"3":[20,0],"4":[20,0],"5":[20,0],"6":[19,1],"7":[1,18],"8":[0,1],"9":[15,0],"10":[15,0],"11":[5,0],"12":[5,1],"13":[4,1],"14":[2,1],"15":[2,0],"16":[4,1],"17":[4,0],"18":[4,0],"19":[3,1],"20":[0,0],"21":[0,0],"22":[4,0]},"f":{"1":18,"2":60,"3":20,"4":15,"5":5,"6":6,"7":3,"8":5,"9":4},"fnMap":{"1":{"name":"onlyValidSwap","line":21,"loc":{"start":{"line":21,"column":2},"end":{"line":26,"column":2}}},"2":{"name":"constructor","line":46,"loc":{"start":{"line":28,"column":2},"end":{"line":46,"column":6}}},"3":{"name":"_configureSwap","line":56,"loc":{"start":{"line":56,"column":2},"end":{"line":106,"column":2}}},"4":{"name":"configureSell","line":115,"loc":{"start":{"line":115,"column":2},"end":{"line":135,"column":2}}},"5":{"name":"configureBuy","line":144,"loc":{"start":{"line":144,"column":2},"end":{"line":163,"column":2}}},"6":{"name":"completeSwapWithPaymentToken","line":172,"loc":{"start":{"line":169,"column":2},"end":{"line":196,"column":2}}},"7":{"name":"completeSwapWithRestrictedToken","line":205,"loc":{"start":{"line":202,"column":2},"end":{"line":229,"column":2}}},"8":{"name":"cancelSell","line":238,"loc":{"start":{"line":235,"column":2},"end":{"line":256,"column":2}}},"9":{"name":"swapStatus","line":263,"loc":{"start":{"line":263,"column":2},"end":{"line":273,"column":2}}}},"statementMap":{"1":{"start":{"line":22,"column":4},"end":{"line":22,"column":41}},"2":{"start":{"line":23,"column":4},"end":{"line":23,"column":66}},"3":{"start":{"line":24,"column":4},"end":{"line":24,"column":67}},"4":{"start":{"line":64,"column":4},"end":{"line":64,"column":72}},"5":{"start":{"line":65,"column":4},"end":{"line":65,"column":62}},"6":{"start":{"line":66,"column":4},"end":{"line":66,"column":67}},"7":{"start":{"line":68,"column":4},"end":{"line":68,"column":2042}},"8":{"start":{"line":72,"column":4},"end":{"line":72,"column":63}},"9":{"start":{"line":73,"column":4},"end":{"line":73,"column":30}},"10":{"start":{"line":75,"column":4},"end":{"line":75,"column":2279}},"11":{"start":{"line":80,"column":4},"end":{"line":80,"column":69}},"12":{"start":{"line":82,"column":4},"end":{"line":82,"column":2521}},"13":{"start":{"line":83,"column":6},"end":{"line":83,"column":43}},"14":{"start":{"line":84,"column":6},"end":{"line":84,"column":71}},"15":{"start":{"line":85,"column":6},"end":{"line":85,"column":32}},"16":{"start":{"line":88,"column":4},"end":{"line":88,"column":18}},"17":{"start":{"line":90,"column":4},"end":{"line":90,"column":41}},"18":{"start":{"line":91,"column":4},"end":{"line":91,"column":53}},"19":{"start":{"line":92,"column":4},"end":{"line":92,"column":53}},"20":{"start":{"line":93,"column":4},"end":{"line":93,"column":43}},"21":{"start":{"line":94,"column":4},"end":{"line":94,"column":43}},"22":{"start":{"line":95,"column":4},"end":{"line":95,"column":31}},"23":{"start":{"line":96,"column":4},"end":{"line":96,"column":27}},"24":{"start":{"line":98,"column":4},"end":{"line":98,"column":3055}},"25":{"start":{"line":121,"column":4},"end":{"line":121,"column":72}},"26":{"start":{"line":122,"column":4},"end":{"line":122,"column":98}},"27":{"start":{"line":124,"column":4},"end":{"line":124,"column":3969}},"28":{"start":{"line":134,"column":4},"end":{"line":134,"column":62}},"29":{"start":{"line":150,"column":4},"end":{"line":150,"column":82}},"30":{"start":{"line":152,"column":4},"end":{"line":152,"column":4891}},"31":{"start":{"line":162,"column":4},"end":{"line":162,"column":83}},"32":{"start":{"line":174,"column":4},"end":{"line":174,"column":41}},"33":{"start":{"line":176,"column":4},"end":{"line":176,"column":101}},"34":{"start":{"line":178,"column":4},"end":{"line":178,"column":89}},"35":{"start":{"line":179,"column":4},"end":{"line":179,"column":106}},"36":{"start":{"line":180,"column":4},"end":{"line":180,"column":88}},"37":{"start":{"line":182,"column":4},"end":{"line":182,"column":126}},"38":{"start":{"line":184,"column":4},"end":{"line":184,"column":36}},"39":{"start":{"line":186,"column":4},"end":{"line":186,"column":78}},"40":{"start":{"line":188,"column":4},"end":{"line":188,"column":6105}},"41":{"start":{"line":207,"column":4},"end":{"line":207,"column":41}},"42":{"start":{"line":209,"column":4},"end":{"line":209,"column":106}},"43":{"start":{"line":211,"column":4},"end":{"line":211,"column":89}},"44":{"start":{"line":212,"column":4},"end":{"line":212,"column":74}},"45":{"start":{"line":213,"column":4},"end":{"line":213,"column":88}},"46":{"start":{"line":215,"column":4},"end":{"line":215,"column":126}},"47":{"start":{"line":217,"column":4},"end":{"line":217,"column":36}},"48":{"start":{"line":219,"column":4},"end":{"line":219,"column":75}},"49":{"start":{"line":221,"column":4},"end":{"line":221,"column":7186}},"50":{"start":{"line":240,"column":4},"end":{"line":240,"column":41}},"51":{"start":{"line":242,"column":4},"end":{"line":242,"column":83}},"52":{"start":{"line":243,"column":4},"end":{"line":243,"column":78}},"53":{"start":{"line":245,"column":4},"end":{"line":245,"column":7775}},"54":{"start":{"line":246,"column":6},"end":{"line":246,"column":100}},"55":{"start":{"line":247,"column":6},"end":{"line":247,"column":85}},"56":{"start":{"line":248,"column":11},"end":{"line":248,"column":8025}},"57":{"start":{"line":249,"column":6},"end":{"line":249,"column":95}},"58":{"start":{"line":250,"column":6},"end":{"line":250,"column":87}},"59":{"start":{"line":253,"column":4},"end":{"line":253,"column":36}},"60":{"start":{"line":255,"column":4},"end":{"line":255,"column":45}},"61":{"start":{"line":271,"column":4},"end":{"line":271,"column":93}},"62":{"start":{"line":272,"column":4},"end":{"line":272,"column":35}}},"branchMap":{"1":{"line":23,"type":"if","locations":[{"start":{"line":23,"column":4},"end":{"line":23,"column":4}},{"start":{"line":23,"column":4},"end":{"line":23,"column":4}}]},"2":{"line":24,"type":"if","locations":[{"start":{"line":24,"column":4},"end":{"line":24,"column":4}},{"start":{"line":24,"column":4},"end":{"line":24,"column":4}}]},"3":{"line":64,"type":"if","locations":[{"start":{"line":64,"column":4},"end":{"line":64,"column":4}},{"start":{"line":64,"column":4},"end":{"line":64,"column":4}}]},"4":{"line":65,"type":"if","locations":[{"start":{"line":65,"column":4},"end":{"line":65,"column":4}},{"start":{"line":65,"column":4},"end":{"line":65,"column":4}}]},"5":{"line":66,"type":"if","locations":[{"start":{"line":66,"column":4},"end":{"line":66,"column":4}},{"start":{"line":66,"column":4},"end":{"line":66,"column":4}}]},"6":{"line":73,"type":"if","locations":[{"start":{"line":73,"column":4},"end":{"line":73,"column":4}},{"start":{"line":73,"column":4},"end":{"line":73,"column":4}}]},"7":{"line":82,"type":"if","locations":[{"start":{"line":82,"column":4},"end":{"line":82,"column":4}},{"start":{"line":82,"column":4},"end":{"line":82,"column":4}}]},"8":{"line":85,"type":"if","locations":[{"start":{"line":85,"column":6},"end":{"line":85,"column":6}},{"start":{"line":85,"column":6},"end":{"line":85,"column":6}}]},"9":{"line":121,"type":"if","locations":[{"start":{"line":121,"column":4},"end":{"line":121,"column":4}},{"start":{"line":121,"column":4},"end":{"line":121,"column":4}}]},"10":{"line":122,"type":"if","locations":[{"start":{"line":122,"column":4},"end":{"line":122,"column":4}},{"start":{"line":122,"column":4},"end":{"line":122,"column":4}}]},"11":{"line":150,"type":"if","locations":[{"start":{"line":150,"column":4},"end":{"line":150,"column":4}},{"start":{"line":150,"column":4},"end":{"line":150,"column":4}}]},"12":{"line":176,"type":"if","locations":[{"start":{"line":176,"column":4},"end":{"line":176,"column":4}},{"start":{"line":176,"column":4},"end":{"line":176,"column":4}}]},"13":{"line":182,"type":"if","locations":[{"start":{"line":182,"column":4},"end":{"line":182,"column":4}},{"start":{"line":182,"column":4},"end":{"line":182,"column":4}}]},"14":{"line":209,"type":"if","locations":[{"start":{"line":209,"column":4},"end":{"line":209,"column":4}},{"start":{"line":209,"column":4},"end":{"line":209,"column":4}}]},"15":{"line":215,"type":"if","locations":[{"start":{"line":215,"column":4},"end":{"line":215,"column":4}},{"start":{"line":215,"column":4},"end":{"line":215,"column":4}}]},"16":{"line":242,"type":"if","locations":[{"start":{"line":242,"column":4},"end":{"line":242,"column":4}},{"start":{"line":242,"column":4},"end":{"line":242,"column":4}}]},"17":{"line":243,"type":"if","locations":[{"start":{"line":243,"column":4},"end":{"line":243,"column":4}},{"start":{"line":243,"column":4},"end":{"line":243,"column":4}}]},"18":{"line":245,"type":"if","locations":[{"start":{"line":245,"column":4},"end":{"line":245,"column":4}},{"start":{"line":245,"column":4},"end":{"line":245,"column":4}}]},"19":{"line":246,"type":"if","locations":[{"start":{"line":246,"column":6},"end":{"line":246,"column":6}},{"start":{"line":246,"column":6},"end":{"line":246,"column":6}}]},"20":{"line":248,"type":"if","locations":[{"start":{"line":248,"column":11},"end":{"line":248,"column":11}},{"start":{"line":248,"column":11},"end":{"line":248,"column":11}}]},"21":{"line":249,"type":"if","locations":[{"start":{"line":249,"column":6},"end":{"line":249,"column":6}},{"start":{"line":249,"column":6},"end":{"line":249,"column":6}}]},"22":{"line":271,"type":"if","locations":[{"start":{"line":271,"column":4},"end":{"line":271,"column":4}},{"start":{"line":271,"column":4},"end":{"line":271,"column":4}}]}}},"contracts/RestrictedToken.sol":{"l":{"65":432,"66":431,"67":430,"71":429,"72":429,"73":429,"75":429,"76":429,"77":429,"79":429,"83":294,"84":259,"88":94,"89":86,"93":270,"94":246,"98":92,"99":84,"103":79,"105":77,"109":755,"110":740,"114":3,"119":14,"124":2,"130":127,"131":127,"137":2,"138":2,"145":2,"152":97,"153":97,"160":1,"161":1,"168":0,"174":2,"175":2,"181":1,"182":1,"189":0,"196":5,"197":5,"198":5,"205":4,"206":3,"207":3,"208":3,"215":2,"225":26,"226":26,"235":64,"241":58,"249":83,"250":83,"256":92,"265":22,"266":22,"268":22,"270":22,"272":22,"274":22,"275":9,"276":2,"277":2,"281":22,"282":20,"285":22,"292":3,"293":3,"295":3,"297":3,"304":6,"306":5,"307":5,"309":5,"311":5,"320":69,"330":1,"332":1,"342":0,"351":48,"353":48,"354":17,"355":17,"359":48,"366":47,"373":42,"375":42,"382":67,"383":67,"390":3,"398":77,"399":77,"406":112,"420":65,"421":65,"422":1,"424":65,"425":65,"436":82,"437":82,"446":49,"455":1,"462":4,"463":3,"471":80,"472":78,"477":3,"478":3,"483":3,"484":3,"491":4,"492":3,"493":3,"494":3,"503":26,"504":25,"505":25,"506":15,"507":15,"516":3,"517":2,"518":1,"519":1,"520":1,"521":1,"528":7,"531":6,"542":3,"543":3,"544":3,"548":0,"563":48,"565":48,"566":17,"567":17,"569":0,"575":0,"585":8,"587":8,"591":8,"592":4,"595":8},"path":"/mnt/d/Projects/republic/projects/comakery-security-token/contracts/RestrictedToken.sol","s":{"1":432,"2":431,"3":430,"4":429,"5":429,"6":429,"7":429,"8":429,"9":429,"10":429,"11":294,"12":94,"13":270,"14":92,"15":79,"16":755,"17":3,"18":14,"19":2,"20":127,"21":127,"22":2,"23":2,"24":2,"25":97,"26":97,"27":1,"28":1,"29":0,"30":2,"31":2,"32":1,"33":1,"34":0,"35":5,"36":5,"37":5,"38":4,"39":3,"40":3,"41":3,"42":2,"43":26,"44":26,"45":64,"46":58,"47":83,"48":83,"49":92,"50":22,"51":22,"52":22,"53":22,"54":22,"55":22,"56":9,"57":2,"58":2,"59":22,"60":20,"61":22,"62":3,"63":3,"64":3,"65":3,"66":6,"67":5,"68":5,"69":5,"70":5,"71":69,"72":1,"73":1,"74":0,"75":48,"76":48,"77":17,"78":17,"79":48,"80":47,"81":42,"82":42,"83":67,"84":67,"85":3,"86":77,"87":77,"88":112,"89":65,"90":65,"91":1,"92":65,"93":65,"94":82,"95":82,"96":49,"97":1,"98":4,"99":3,"100":80,"101":78,"102":3,"103":3,"104":3,"105":3,"106":4,"107":3,"108":3,"109":3,"110":26,"111":25,"112":25,"113":15,"114":15,"115":3,"116":2,"117":1,"118":1,"119":1,"120":1,"121":7,"122":6,"123":3,"124":3,"125":3,"126":0,"127":48,"128":48,"129":17,"130":17,"131":0,"132":0,"133":8,"134":8,"135":8,"136":4,"137":8},"b":{"1":[431,1],"2":[430,1],"3":[429,1],"4":[259,35],"5":[86,8],"6":[246,24],"7":[84,8],"8":[77,2],"9":[740,15],"10":[3,1],"11":[16,10],"12":[22,0],"13":[22,0],"14":[22,0],"15":[2,7],"16":[20,2],"17":[5,1],"18":[1,0],"19":[17,0],"20":[1,64],"21":[3,1],"22":[78,2],"23":[3,1],"24":[25,1],"25":[2,1],"26":[1,1],"27":[6,1],"28":[3,0],"29":[0,17],"30":[8,0],"31":[4,4]},"f":{"1":432,"2":294,"3":94,"4":270,"5":92,"6":79,"7":755,"8":3,"9":14,"10":2,"11":127,"12":2,"13":2,"14":97,"15":1,"16":0,"17":2,"18":1,"19":0,"20":5,"21":4,"22":2,"23":26,"24":64,"25":58,"26":83,"27":92,"28":22,"29":3,"30":6,"31":69,"32":1,"33":0,"34":48,"35":47,"36":42,"37":67,"38":3,"39":77,"40":112,"41":65,"42":82,"43":49,"44":1,"45":4,"46":80,"47":3,"48":3,"49":4,"50":26,"51":3,"52":7,"53":3,"54":48,"55":8},"fnMap":{"1":{"name":"constructor","line":64,"loc":{"start":{"line":55,"column":2},"end":{"line":80,"column":2}}},"2":{"name":"onlyContractAdmin","line":82,"loc":{"start":{"line":82,"column":2},"end":{"line":85,"column":2}}},"3":{"name":"onlyTransferAdmin","line":87,"loc":{"start":{"line":87,"column":3},"end":{"line":90,"column":2}}},"4":{"name":"onlyWalletsAdmin","line":92,"loc":{"start":{"line":92,"column":3},"end":{"line":95,"column":2}}},"5":{"name":"onlyReserveAdmin","line":97,"loc":{"start":{"line":97,"column":3},"end":{"line":100,"column":2}}},"6":{"name":"onlyWalletsAdminOrReserveAdmin","line":102,"loc":{"start":{"line":102,"column":2},"end":{"line":106,"column":2}}},"7":{"name":"validAddress","line":108,"loc":{"start":{"line":108,"column":2},"end":{"line":111,"column":2}}},"8":{"name":"decimals","line":113,"loc":{"start":{"line":113,"column":2},"end":{"line":115,"column":2}}},"9":{"name":"snapshot","line":118,"loc":{"start":{"line":118,"column":2},"end":{"line":120,"column":2}}},"10":{"name":"getCurrentSnapshotId","line":123,"loc":{"start":{"line":123,"column":2},"end":{"line":125,"column":2}}},"11":{"name":"grantTransferAdmin","line":129,"loc":{"start":{"line":129,"column":2},"end":{"line":132,"column":2}}},"12":{"name":"revokeTransferAdmin","line":136,"loc":{"start":{"line":136,"column":2},"end":{"line":139,"column":2}}},"13":{"name":"checkTransferAdmin","line":144,"loc":{"start":{"line":144,"column":2},"end":{"line":146,"column":2}}},"14":{"name":"grantWalletsAdmin","line":151,"loc":{"start":{"line":151,"column":2},"end":{"line":154,"column":2}}},"15":{"name":"revokeWalletsAdmin","line":159,"loc":{"start":{"line":159,"column":2},"end":{"line":162,"column":2}}},"16":{"name":"checkWalletsAdmin","line":167,"loc":{"start":{"line":167,"column":2},"end":{"line":169,"column":2}}},"17":{"name":"grantReserveAdmin","line":173,"loc":{"start":{"line":173,"column":2},"end":{"line":176,"column":2}}},"18":{"name":"revokeReserveAdmin","line":180,"loc":{"start":{"line":180,"column":2},"end":{"line":183,"column":2}}},"19":{"name":"checkReserveAdmin","line":188,"loc":{"start":{"line":188,"column":2},"end":{"line":190,"column":2}}},"20":{"name":"grantContractAdmin","line":195,"loc":{"start":{"line":195,"column":2},"end":{"line":199,"column":2}}},"21":{"name":"revokeContractAdmin","line":204,"loc":{"start":{"line":204,"column":2},"end":{"line":209,"column":2}}},"22":{"name":"checkContractAdmin","line":214,"loc":{"start":{"line":214,"column":2},"end":{"line":216,"column":2}}},"23":{"name":"enforceTransferRestrictions","line":224,"loc":{"start":{"line":224,"column":2},"end":{"line":227,"column":2}}},"24":{"name":"detectTransferRestriction","line":234,"loc":{"start":{"line":234,"column":2},"end":{"line":236,"column":2}}},"25":{"name":"messageForTransferRestriction","line":240,"loc":{"start":{"line":240,"column":2},"end":{"line":242,"column":2}}},"26":{"name":"setMaxBalance","line":248,"loc":{"start":{"line":248,"column":2},"end":{"line":251,"column":2}}},"27":{"name":"getMaxBalance","line":255,"loc":{"start":{"line":255,"column":2},"end":{"line":257,"column":2}}},"28":{"name":"addLockUntil","line":264,"loc":{"start":{"line":264,"column":2},"end":{"line":286,"column":2}}},"29":{"name":"removeLockUntilTimestampLookup","line":291,"loc":{"start":{"line":291,"column":2},"end":{"line":298,"column":2}}},"30":{"name":"removeLockUntilIndexLookup","line":303,"loc":{"start":{"line":303,"column":2},"end":{"line":312,"column":2}}},"31":{"name":"getTotalLocksUntil","line":319,"loc":{"start":{"line":319,"column":2},"end":{"line":321,"column":2}}},"32":{"name":"getLockUntilIndexLookup","line":329,"loc":{"start":{"line":329,"column":2},"end":{"line":333,"column":2}}},"33":{"name":"getLockUntilTimestampLookup","line":341,"loc":{"start":{"line":341,"column":2},"end":{"line":343,"column":2}}},"34":{"name":"getLockUntilAtTimestamp","line":350,"loc":{"start":{"line":350,"column":2},"end":{"line":360,"column":2}}},"35":{"name":"getCurrentlyLockedBalance","line":365,"loc":{"start":{"line":365,"column":2},"end":{"line":367,"column":2}}},"36":{"name":"getCurrentlyUnlockedBalance","line":372,"loc":{"start":{"line":372,"column":2},"end":{"line":376,"column":2}}},"37":{"name":"setTransferGroup","line":381,"loc":{"start":{"line":381,"column":2},"end":{"line":384,"column":2}}},"38":{"name":"getTransferGroup","line":389,"loc":{"start":{"line":389,"column":2},"end":{"line":391,"column":2}}},"39":{"name":"freeze","line":397,"loc":{"start":{"line":397,"column":2},"end":{"line":400,"column":2}}},"40":{"name":"getFrozenStatus","line":405,"loc":{"start":{"line":405,"column":2},"end":{"line":407,"column":2}}},"41":{"name":"setAddressPermissions","line":419,"loc":{"start":{"line":418,"column":2},"end":{"line":426,"column":2}}},"42":{"name":"setAllowGroupTransfer","line":435,"loc":{"start":{"line":435,"column":2},"end":{"line":438,"column":2}}},"43":{"name":"getAllowTransferTime","line":445,"loc":{"start":{"line":445,"column":2},"end":{"line":447,"column":2}}},"44":{"name":"getAllowGroupTransferTime","line":454,"loc":{"start":{"line":454,"column":2},"end":{"line":456,"column":2}}},"45":{"name":"burn","line":461,"loc":{"start":{"line":461,"column":2},"end":{"line":464,"column":2}}},"46":{"name":"mint","line":470,"loc":{"start":{"line":470,"column":2},"end":{"line":473,"column":2}}},"47":{"name":"pause","line":476,"loc":{"start":{"line":476,"column":2},"end":{"line":479,"column":2}}},"48":{"name":"unpause","line":482,"loc":{"start":{"line":482,"column":2},"end":{"line":485,"column":2}}},"49":{"name":"upgradeTransferRules","line":490,"loc":{"start":{"line":490,"column":2},"end":{"line":495,"column":2}}},"50":{"name":"transfer","line":500,"loc":{"start":{"line":497,"column":2},"end":{"line":508,"column":2}}},"51":{"name":"transferFrom","line":513,"loc":{"start":{"line":510,"column":2},"end":{"line":522,"column":2}}},"52":{"name":"safeApprove","line":524,"loc":{"start":{"line":524,"column":2},"end":{"line":532,"column":2}}},"53":{"name":"findTimelockIndex","line":541,"loc":{"start":{"line":541,"column":2},"end":{"line":549,"column":2}}},"54":{"name":"cleanupTimelocks","line":553,"loc":{"start":{"line":553,"column":2},"end":{"line":578,"column":2}}},"55":{"name":"_deleteTimelock","line":584,"loc":{"start":{"line":584,"column":2},"end":{"line":596,"column":2}}}},"statementMap":{"1":{"start":{"line":65,"column":4},"end":{"line":65,"column":80}},"2":{"start":{"line":66,"column":4},"end":{"line":66,"column":77}},"3":{"start":{"line":67,"column":4},"end":{"line":67,"column":89}},"4":{"start":{"line":71,"column":4},"end":{"line":71,"column":49}},"5":{"start":{"line":72,"column":4},"end":{"line":72,"column":24}},"6":{"start":{"line":73,"column":4},"end":{"line":73,"column":35}},"7":{"start":{"line":75,"column":4},"end":{"line":75,"column":50}},"8":{"start":{"line":76,"column":4},"end":{"line":76,"column":53}},"9":{"start":{"line":77,"column":4},"end":{"line":77,"column":25}},"10":{"start":{"line":79,"column":4},"end":{"line":79,"column":42}},"11":{"start":{"line":83,"column":4},"end":{"line":83,"column":89}},"12":{"start":{"line":88,"column":4},"end":{"line":88,"column":89}},"13":{"start":{"line":93,"column":4},"end":{"line":93,"column":87}},"14":{"start":{"line":98,"column":4},"end":{"line":98,"column":87}},"15":{"start":{"line":103,"column":4},"end":{"line":103,"column":4646}},"16":{"start":{"line":109,"column":4},"end":{"line":109,"column":55}},"17":{"start":{"line":114,"column":4},"end":{"line":114,"column":20}},"18":{"start":{"line":119,"column":4},"end":{"line":119,"column":22}},"19":{"start":{"line":124,"column":4},"end":{"line":124,"column":34}},"20":{"start":{"line":130,"column":4},"end":{"line":130,"column":39}},"21":{"start":{"line":131,"column":4},"end":{"line":131,"column":60}},"22":{"start":{"line":137,"column":4},"end":{"line":137,"column":40}},"23":{"start":{"line":138,"column":4},"end":{"line":138,"column":61}},"24":{"start":{"line":145,"column":4},"end":{"line":145,"column":45}},"25":{"start":{"line":152,"column":4},"end":{"line":152,"column":38}},"26":{"start":{"line":153,"column":4},"end":{"line":153,"column":59}},"27":{"start":{"line":160,"column":4},"end":{"line":160,"column":39}},"28":{"start":{"line":161,"column":4},"end":{"line":161,"column":60}},"29":{"start":{"line":168,"column":4},"end":{"line":168,"column":44}},"30":{"start":{"line":174,"column":4},"end":{"line":174,"column":38}},"31":{"start":{"line":175,"column":4},"end":{"line":175,"column":59}},"32":{"start":{"line":181,"column":4},"end":{"line":181,"column":39}},"33":{"start":{"line":182,"column":4},"end":{"line":182,"column":60}},"34":{"start":{"line":189,"column":4},"end":{"line":189,"column":44}},"35":{"start":{"line":196,"column":4},"end":{"line":196,"column":39}},"36":{"start":{"line":197,"column":4},"end":{"line":197,"column":26}},"37":{"start":{"line":198,"column":4},"end":{"line":198,"column":60}},"38":{"start":{"line":205,"column":4},"end":{"line":205,"column":75}},"39":{"start":{"line":206,"column":4},"end":{"line":206,"column":40}},"40":{"start":{"line":207,"column":4},"end":{"line":207,"column":26}},"41":{"start":{"line":208,"column":4},"end":{"line":208,"column":61}},"42":{"start":{"line":215,"column":4},"end":{"line":215,"column":45}},"43":{"start":{"line":225,"column":4},"end":{"line":225,"column":70}},"44":{"start":{"line":226,"column":4},"end":{"line":226,"column":103}},"45":{"start":{"line":235,"column":4},"end":{"line":235,"column":82}},"46":{"start":{"line":241,"column":4},"end":{"line":241,"column":71}},"47":{"start":{"line":249,"column":4},"end":{"line":249,"column":36}},"48":{"start":{"line":250,"column":4},"end":{"line":250,"column":58}},"49":{"start":{"line":256,"column":4},"end":{"line":256,"column":29}},"50":{"start":{"line":265,"column":4},"end":{"line":265,"column":79}},"51":{"start":{"line":266,"column":4},"end":{"line":266,"column":59}},"52":{"start":{"line":268,"column":4},"end":{"line":268,"column":25}},"53":{"start":{"line":270,"column":4},"end":{"line":270,"column":96}},"54":{"start":{"line":272,"column":4},"end":{"line":272,"column":31}},"55":{"start":{"line":274,"column":4},"end":{"line":274,"column":13216}},"56":{"start":{"line":275,"column":6},"end":{"line":275,"column":13279}},"57":{"start":{"line":276,"column":8},"end":{"line":276,"column":52}},"58":{"start":{"line":277,"column":8},"end":{"line":277,"column":28}},"59":{"start":{"line":281,"column":4},"end":{"line":281,"column":13433}},"60":{"start":{"line":282,"column":8},"end":{"line":282,"column":63}},"61":{"start":{"line":285,"column":4},"end":{"line":285,"column":70}},"62":{"start":{"line":292,"column":4},"end":{"line":292,"column":54}},"63":{"start":{"line":293,"column":4},"end":{"line":293,"column":64}},"64":{"start":{"line":295,"column":4},"end":{"line":295,"column":31}},"65":{"start":{"line":297,"column":4},"end":{"line":297,"column":76}},"66":{"start":{"line":304,"column":4},"end":{"line":304,"column":76}},"67":{"start":{"line":306,"column":4},"end":{"line":306,"column":58}},"68":{"start":{"line":307,"column":4},"end":{"line":307,"column":64}},"69":{"start":{"line":309,"column":4},"end":{"line":309,"column":31}},"70":{"start":{"line":311,"column":4},"end":{"line":311,"column":76}},"71":{"start":{"line":320,"column":4},"end":{"line":320,"column":35}},"72":{"start":{"line":330,"column":4},"end":{"line":330,"column":85}},"73":{"start":{"line":332,"column":4},"end":{"line":332,"column":84}},"74":{"start":{"line":342,"column":4},"end":{"line":342,"column":76}},"75":{"start":{"line":351,"column":4},"end":{"line":351,"column":27}},"76":{"start":{"line":353,"column":4},"end":{"line":353,"column":17140}},"77":{"start":{"line":354,"column":8},"end":{"line":354,"column":17205}},"78":{"start":{"line":355,"column":12},"end":{"line":355,"column":57}},"79":{"start":{"line":359,"column":4},"end":{"line":359,"column":22}},"80":{"start":{"line":366,"column":4},"end":{"line":366,"column":57}},"81":{"start":{"line":373,"column":4},"end":{"line":373,"column":55}},"82":{"start":{"line":375,"column":4},"end":{"line":375,"column":38}},"83":{"start":{"line":382,"column":4},"end":{"line":382,"column":34}},"84":{"start":{"line":383,"column":4},"end":{"line":383,"column":56}},"85":{"start":{"line":390,"column":4},"end":{"line":390,"column":32}},"86":{"start":{"line":398,"column":4},"end":{"line":398,"column":34}},"87":{"start":{"line":399,"column":4},"end":{"line":399,"column":48}},"88":{"start":{"line":406,"column":4},"end":{"line":406,"column":33}},"89":{"start":{"line":420,"column":4},"end":{"line":420,"column":34}},"90":{"start":{"line":421,"column":4},"end":{"line":421,"column":20620}},"91":{"start":{"line":422,"column":8},"end":{"line":422,"column":60}},"92":{"start":{"line":424,"column":4},"end":{"line":424,"column":34}},"93":{"start":{"line":425,"column":4},"end":{"line":425,"column":23}},"94":{"start":{"line":436,"column":4},"end":{"line":436,"column":47}},"95":{"start":{"line":437,"column":4},"end":{"line":437,"column":62}},"96":{"start":{"line":446,"column":4},"end":{"line":446,"column":75}},"97":{"start":{"line":455,"column":4},"end":{"line":455,"column":41}},"98":{"start":{"line":462,"column":4},"end":{"line":462,"column":66}},"99":{"start":{"line":463,"column":4},"end":{"line":463,"column":21}},"100":{"start":{"line":471,"column":4},"end":{"line":471,"column":97}},"101":{"start":{"line":472,"column":4},"end":{"line":472,"column":19}},"102":{"start":{"line":477,"column":4},"end":{"line":477,"column":18}},"103":{"start":{"line":478,"column":4},"end":{"line":478,"column":32}},"104":{"start":{"line":483,"column":4},"end":{"line":483,"column":19}},"105":{"start":{"line":484,"column":4},"end":{"line":484,"column":33}},"106":{"start":{"line":491,"column":4},"end":{"line":491,"column":78}},"107":{"start":{"line":492,"column":4},"end":{"line":492,"column":45}},"108":{"start":{"line":493,"column":4},"end":{"line":493,"column":35}},"109":{"start":{"line":494,"column":4},"end":{"line":494,"column":65}},"110":{"start":{"line":503,"column":4},"end":{"line":503,"column":64}},"111":{"start":{"line":504,"column":4},"end":{"line":504,"column":31}},"112":{"start":{"line":505,"column":4},"end":{"line":505,"column":53}},"113":{"start":{"line":506,"column":4},"end":{"line":506,"column":28}},"114":{"start":{"line":507,"column":4},"end":{"line":507,"column":15}},"115":{"start":{"line":516,"column":4},"end":{"line":516,"column":100}},"116":{"start":{"line":517,"column":4},"end":{"line":517,"column":58}},"117":{"start":{"line":518,"column":4},"end":{"line":518,"column":25}},"118":{"start":{"line":519,"column":4},"end":{"line":519,"column":47}},"119":{"start":{"line":520,"column":4},"end":{"line":520,"column":38}},"120":{"start":{"line":521,"column":4},"end":{"line":521,"column":15}},"121":{"start":{"line":528,"column":4},"end":{"line":528,"column":25699}},"122":{"start":{"line":531,"column":4},"end":{"line":531,"column":26}},"123":{"start":{"line":542,"column":4},"end":{"line":542,"column":26332}},"124":{"start":{"line":543,"column":6},"end":{"line":543,"column":26394}},"125":{"start":{"line":544,"column":8},"end":{"line":544,"column":16}},"126":{"start":{"line":548,"column":4},"end":{"line":548,"column":78}},"127":{"start":{"line":563,"column":4},"end":{"line":563,"column":49}},"128":{"start":{"line":565,"column":4},"end":{"line":565,"column":27276}},"129":{"start":{"line":566,"column":8},"end":{"line":566,"column":43}},"130":{"start":{"line":567,"column":8},"end":{"line":567,"column":27374}},"131":{"start":{"line":569,"column":10},"end":{"line":569,"column":27450}},"132":{"start":{"line":575,"column":10},"end":{"line":575,"column":38}},"133":{"start":{"line":585,"column":4},"end":{"line":585,"column":76}},"134":{"start":{"line":587,"column":4},"end":{"line":587,"column":49}},"135":{"start":{"line":591,"column":4},"end":{"line":591,"column":28298}},"136":{"start":{"line":592,"column":8},"end":{"line":592,"column":67}},"137":{"start":{"line":595,"column":4},"end":{"line":595,"column":26}}},"branchMap":{"1":{"line":65,"type":"if","locations":[{"start":{"line":65,"column":4},"end":{"line":65,"column":4}},{"start":{"line":65,"column":4},"end":{"line":65,"column":4}}]},"2":{"line":66,"type":"if","locations":[{"start":{"line":66,"column":4},"end":{"line":66,"column":4}},{"start":{"line":66,"column":4},"end":{"line":66,"column":4}}]},"3":{"line":67,"type":"if","locations":[{"start":{"line":67,"column":4},"end":{"line":67,"column":4}},{"start":{"line":67,"column":4},"end":{"line":67,"column":4}}]},"4":{"line":83,"type":"if","locations":[{"start":{"line":83,"column":4},"end":{"line":83,"column":4}},{"start":{"line":83,"column":4},"end":{"line":83,"column":4}}]},"5":{"line":88,"type":"if","locations":[{"start":{"line":88,"column":4},"end":{"line":88,"column":4}},{"start":{"line":88,"column":4},"end":{"line":88,"column":4}}]},"6":{"line":93,"type":"if","locations":[{"start":{"line":93,"column":4},"end":{"line":93,"column":4}},{"start":{"line":93,"column":4},"end":{"line":93,"column":4}}]},"7":{"line":98,"type":"if","locations":[{"start":{"line":98,"column":4},"end":{"line":98,"column":4}},{"start":{"line":98,"column":4},"end":{"line":98,"column":4}}]},"8":{"line":103,"type":"if","locations":[{"start":{"line":103,"column":4},"end":{"line":103,"column":4}},{"start":{"line":103,"column":4},"end":{"line":103,"column":4}}]},"9":{"line":109,"type":"if","locations":[{"start":{"line":109,"column":4},"end":{"line":109,"column":4}},{"start":{"line":109,"column":4},"end":{"line":109,"column":4}}]},"10":{"line":205,"type":"if","locations":[{"start":{"line":205,"column":4},"end":{"line":205,"column":4}},{"start":{"line":205,"column":4},"end":{"line":205,"column":4}}]},"11":{"line":226,"type":"if","locations":[{"start":{"line":226,"column":4},"end":{"line":226,"column":4}},{"start":{"line":226,"column":4},"end":{"line":226,"column":4}}]},"12":{"line":265,"type":"if","locations":[{"start":{"line":265,"column":4},"end":{"line":265,"column":4}},{"start":{"line":265,"column":4},"end":{"line":265,"column":4}}]},"13":{"line":266,"type":"if","locations":[{"start":{"line":266,"column":4},"end":{"line":266,"column":4}},{"start":{"line":266,"column":4},"end":{"line":266,"column":4}}]},"14":{"line":270,"type":"if","locations":[{"start":{"line":270,"column":4},"end":{"line":270,"column":4}},{"start":{"line":270,"column":4},"end":{"line":270,"column":4}}]},"15":{"line":275,"type":"if","locations":[{"start":{"line":275,"column":6},"end":{"line":275,"column":6}},{"start":{"line":275,"column":6},"end":{"line":275,"column":6}}]},"16":{"line":281,"type":"if","locations":[{"start":{"line":281,"column":4},"end":{"line":281,"column":4}},{"start":{"line":281,"column":4},"end":{"line":281,"column":4}}]},"17":{"line":304,"type":"if","locations":[{"start":{"line":304,"column":4},"end":{"line":304,"column":4}},{"start":{"line":304,"column":4},"end":{"line":304,"column":4}}]},"18":{"line":330,"type":"if","locations":[{"start":{"line":330,"column":4},"end":{"line":330,"column":4}},{"start":{"line":330,"column":4},"end":{"line":330,"column":4}}]},"19":{"line":354,"type":"if","locations":[{"start":{"line":354,"column":8},"end":{"line":354,"column":8}},{"start":{"line":354,"column":8},"end":{"line":354,"column":8}}]},"20":{"line":421,"type":"if","locations":[{"start":{"line":421,"column":4},"end":{"line":421,"column":4}},{"start":{"line":421,"column":4},"end":{"line":421,"column":4}}]},"21":{"line":462,"type":"if","locations":[{"start":{"line":462,"column":4},"end":{"line":462,"column":4}},{"start":{"line":462,"column":4},"end":{"line":462,"column":4}}]},"22":{"line":471,"type":"if","locations":[{"start":{"line":471,"column":4},"end":{"line":471,"column":4}},{"start":{"line":471,"column":4},"end":{"line":471,"column":4}}]},"23":{"line":491,"type":"if","locations":[{"start":{"line":491,"column":4},"end":{"line":491,"column":4}},{"start":{"line":491,"column":4},"end":{"line":491,"column":4}}]},"24":{"line":503,"type":"if","locations":[{"start":{"line":503,"column":4},"end":{"line":503,"column":4}},{"start":{"line":503,"column":4},"end":{"line":503,"column":4}}]},"25":{"line":516,"type":"if","locations":[{"start":{"line":516,"column":4},"end":{"line":516,"column":4}},{"start":{"line":516,"column":4},"end":{"line":516,"column":4}}]},"26":{"line":517,"type":"if","locations":[{"start":{"line":517,"column":4},"end":{"line":517,"column":4}},{"start":{"line":517,"column":4},"end":{"line":517,"column":4}}]},"27":{"line":528,"type":"if","locations":[{"start":{"line":528,"column":4},"end":{"line":528,"column":4}},{"start":{"line":528,"column":4},"end":{"line":528,"column":4}}]},"28":{"line":543,"type":"if","locations":[{"start":{"line":543,"column":6},"end":{"line":543,"column":6}},{"start":{"line":543,"column":6},"end":{"line":543,"column":6}}]},"29":{"line":567,"type":"if","locations":[{"start":{"line":567,"column":8},"end":{"line":567,"column":8}},{"start":{"line":567,"column":8},"end":{"line":567,"column":8}}]},"30":{"line":585,"type":"if","locations":[{"start":{"line":585,"column":4},"end":{"line":585,"column":4}},{"start":{"line":585,"column":4},"end":{"line":585,"column":4}}]},"31":{"line":591,"type":"if","locations":[{"start":{"line":591,"column":4},"end":{"line":591,"column":4}},{"start":{"line":591,"column":4},"end":{"line":591,"column":4}}]}}},"contracts/TransferRules.sol":{"l":{"22":438,"23":438,"24":438,"25":438,"26":438,"27":438,"28":438,"29":438,"30":438,"31":438,"50":63,"51":63,"52":62,"53":61,"55":60,"58":55,"59":51,"61":47,"62":47,"63":44,"64":43,"68":40,"80":57,"95":26},"path":"/mnt/d/Projects/republic/projects/comakery-security-token/contracts/TransferRules.sol","s":{"1":438,"2":438,"3":438,"4":438,"5":438,"6":438,"7":438,"8":438,"9":438,"10":438,"11":63,"12":63,"13":1,"14":62,"15":1,"16":61,"17":1,"18":60,"19":5,"20":55,"21":4,"22":51,"23":4,"24":47,"25":47,"26":3,"27":44,"28":1,"29":43,"30":3,"31":40,"32":57,"33":26},"b":{"1":[1,62],"2":[1,61],"3":[1,60],"4":[5,55],"5":[4,51],"6":[4,47],"7":[3,44],"8":[1,43],"9":[3,40]},"f":{"1":438,"2":63,"3":57,"4":26},"fnMap":{"1":{"name":"constructor","line":21,"loc":{"start":{"line":21,"column":2},"end":{"line":32,"column":2}}},"2":{"name":"detectTransferRestriction","line":39,"loc":{"start":{"line":39,"column":2},"end":{"line":69,"column":2}}},"3":{"name":"messageForTransferRestriction","line":74,"loc":{"start":{"line":74,"column":2},"end":{"line":81,"column":2}}},"4":{"name":"checkSuccess","line":89,"loc":{"start":{"line":89,"column":2},"end":{"line":96,"column":2}}}},"statementMap":{"1":{"start":{"line":22,"column":4},"end":{"line":22,"column":36}},"2":{"start":{"line":23,"column":4},"end":{"line":23,"column":90}},"3":{"start":{"line":24,"column":4},"end":{"line":24,"column":67}},"4":{"start":{"line":25,"column":4},"end":{"line":25,"column":80}},"5":{"start":{"line":26,"column":4},"end":{"line":26,"column":78}},"6":{"start":{"line":27,"column":4},"end":{"line":27,"column":67}},"7":{"start":{"line":28,"column":4},"end":{"line":28,"column":62}},"8":{"start":{"line":29,"column":4},"end":{"line":29,"column":76}},"9":{"start":{"line":30,"column":4},"end":{"line":30,"column":98}},"10":{"start":{"line":31,"column":4},"end":{"line":31,"column":73}},"11":{"start":{"line":50,"column":4},"end":{"line":50,"column":51}},"12":{"start":{"line":51,"column":4},"end":{"line":51,"column":53}},"13":{"start":{"line":51,"column":26},"end":{"line":51,"column":53}},"14":{"start":{"line":52,"column":4},"end":{"line":52,"column":61}},"15":{"start":{"line":52,"column":26},"end":{"line":52,"column":61}},"16":{"start":{"line":53,"column":4},"end":{"line":53,"column":66}},"17":{"start":{"line":53,"column":30},"end":{"line":53,"column":66}},"18":{"start":{"line":55,"column":4},"end":{"line":55,"column":2341}},"19":{"start":{"line":57,"column":9},"end":{"line":57,"column":50}},"20":{"start":{"line":58,"column":4},"end":{"line":58,"column":65}},"21":{"start":{"line":58,"column":37},"end":{"line":58,"column":65}},"22":{"start":{"line":59,"column":4},"end":{"line":59,"column":66}},"23":{"start":{"line":59,"column":35},"end":{"line":59,"column":66}},"24":{"start":{"line":61,"column":4},"end":{"line":61,"column":62}},"25":{"start":{"line":62,"column":4},"end":{"line":62,"column":60}},"26":{"start":{"line":62,"column":26},"end":{"line":62,"column":60}},"27":{"start":{"line":63,"column":4},"end":{"line":63,"column":84}},"28":{"start":{"line":63,"column":39},"end":{"line":63,"column":84}},"29":{"start":{"line":64,"column":4},"end":{"line":64,"column":2837}},"30":{"start":{"line":66,"column":9},"end":{"line":66,"column":41}},"31":{"start":{"line":68,"column":4},"end":{"line":68,"column":18}},"32":{"start":{"line":80,"column":4},"end":{"line":80,"column":40}},"33":{"start":{"line":95,"column":4},"end":{"line":95,"column":37}}},"branchMap":{"1":{"line":51,"type":"if","locations":[{"start":{"line":51,"column":4},"end":{"line":51,"column":4}},{"start":{"line":51,"column":4},"end":{"line":51,"column":4}}]},"2":{"line":52,"type":"if","locations":[{"start":{"line":52,"column":4},"end":{"line":52,"column":4}},{"start":{"line":52,"column":4},"end":{"line":52,"column":4}}]},"3":{"line":53,"type":"if","locations":[{"start":{"line":53,"column":4},"end":{"line":53,"column":4}},{"start":{"line":53,"column":4},"end":{"line":53,"column":4}}]},"4":{"line":55,"type":"if","locations":[{"start":{"line":55,"column":4},"end":{"line":55,"column":4}},{"start":{"line":55,"column":4},"end":{"line":55,"column":4}}]},"5":{"line":58,"type":"if","locations":[{"start":{"line":58,"column":4},"end":{"line":58,"column":4}},{"start":{"line":58,"column":4},"end":{"line":58,"column":4}}]},"6":{"line":59,"type":"if","locations":[{"start":{"line":59,"column":4},"end":{"line":59,"column":4}},{"start":{"line":59,"column":4},"end":{"line":59,"column":4}}]},"7":{"line":62,"type":"if","locations":[{"start":{"line":62,"column":4},"end":{"line":62,"column":4}},{"start":{"line":62,"column":4},"end":{"line":62,"column":4}}]},"8":{"line":63,"type":"if","locations":[{"start":{"line":63,"column":4},"end":{"line":63,"column":4}},{"start":{"line":63,"column":4},"end":{"line":63,"column":4}}]},"9":{"line":64,"type":"if","locations":[{"start":{"line":64,"column":4},"end":{"line":64,"column":4}},{"start":{"line":64,"column":4},"end":{"line":64,"column":4}}]}}}}